I 2022/08/11 14:42:53 working.go:107: 
      ___                                   ___           ___           ___
     /  /\        ___           ___        /__/\         /  /\         /__/\
    /  /:/_      /  /\         /__/|       \  \:\       /  /::\        \  \:\
   /  /:/ /\    /  /:/        |  |:|        \  \:\     /  /:/\:\        \  \:\
  /  /:/ /::\  /__/::\        |  |:|    ___  \  \:\   /  /:/~/::\   _____\__\:\
 /__/:/ /:/\:\ \__\/\:\__   __|__|:|   /__/\  \__\:\ /__/:/ /:/\:\ /__/::::::::\
 \  \:\/:/~/:/    \  \:\/\ /__/::::\   \  \:\ /  /:/ \  \:\/:/__\/ \  \:\~~\~~\/
  \  \::/ /:/      \__\::/    ~\~~\:\   \  \:\  /:/   \  \::/       \  \:\  ~~~
   \__\/ /:/       /__/:/       \  \:\   \  \:\/:/     \  \:\        \  \:\
     /__/:/        \__\/         \__\/    \  \::/       \  \:\        \  \:\
     \__\/                                 \__\/         \__\/         \__\/
I 2022/08/11 14:42:54 runtime.go:47: kernel is booting:
    * ver [2.1.5]
    * arch [amd64]
    * runtime mode [prod]
    * working directory [D:\Program Files (x86)\SiYuan\resources]
    * read only [false]
    * container [std]
    * database [ver=20220501]
    * workspace directory [E:\Personal\Notes\siyuan_notes\SiYuan, data 20 kB]
I 2022/08/11 14:42:54 conf.go:100: initialized the specified language [zh_CN]
I 2022/08/11 14:42:54 serve.go:79: kernel is booting [http://127.0.0.1:6806]
I 2022/08/11 14:42:54 database.go:85: reinitialized database [E:\Personal\Notes\siyuan_notes\SiYuan\temp\siyuan.db]
I 2022/08/11 14:42:54 conf.go:527: database size [4.1 kB], block count [0]
I 2022/08/11 14:42:54 working.go:147: kernel booted
I 2022/08/11 14:42:56 index.go:222: rebuilt database for notebook [20210808180117-czj9bvb] in [0.22s], tree [count=49, size=1.2 MB]
I 2022/08/11 14:42:56 index.go:359: resolved refs [78] in [164ms]
I 2022/08/11 14:44:09 index.go:222: rebuilt database for notebook [20220811144409-9vs6m24] in [0.01s], tree [count=0, size=0 B]
I 2022/08/11 14:44:09 index.go:359: resolved refs [78] in [111ms]
I 2022/08/11 14:58:11 conf.go:370: exited kernel
I 2022/08/11 14:58:15 working.go:107: 
      ___                                   ___           ___           ___
     /  /\        ___           ___        /__/\         /  /\         /__/\
    /  /:/_      /  /\         /__/|       \  \:\       /  /::\        \  \:\
   /  /:/ /\    /  /:/        |  |:|        \  \:\     /  /:/\:\        \  \:\
  /  /:/ /::\  /__/::\        |  |:|    ___  \  \:\   /  /:/~/::\   _____\__\:\
 /__/:/ /:/\:\ \__\/\:\__   __|__|:|   /__/\  \__\:\ /__/:/ /:/\:\ /__/::::::::\
 \  \:\/:/~/:/    \  \:\/\ /__/::::\   \  \:\ /  /:/ \  \:\/:/__\/ \  \:\~~\~~\/
  \  \::/ /:/      \__\::/    ~\~~\:\   \  \:\  /:/   \  \::/       \  \:\  ~~~
   \__\/ /:/       /__/:/       \  \:\   \  \:\/:/     \  \:\        \  \:\
     /__/:/        \__\/         \__\/    \  \::/       \  \:\        \  \:\
     \__\/                                 \__\/         \__\/         \__\/
I 2022/08/11 14:58:15 runtime.go:47: kernel is booting:
    * ver [2.1.5]
    * arch [amd64]
    * runtime mode [prod]
    * working directory [D:\Program Files (x86)\SiYuan\resources]
    * read only [false]
    * container [std]
    * database [ver=20220501]
    * workspace directory [E:\Personal\Notes\siyuan_notes\SiYuan, data 3.2 MB]
I 2022/08/11 14:58:15 serve.go:79: kernel is booting [http://127.0.0.1:6806]
I 2022/08/11 14:58:15 conf.go:527: database size [6.2 MB], block count [1971]
I 2022/08/11 14:58:15 working.go:147: kernel booted
I 2022/08/12 16:40:26 conf.go:370: exited kernel
I 2022/08/16 11:52:09 working.go:107: 
      ___                                   ___           ___           ___
     /  /\        ___           ___        /__/\         /  /\         /__/\
    /  /:/_      /  /\         /__/|       \  \:\       /  /::\        \  \:\
   /  /:/ /\    /  /:/        |  |:|        \  \:\     /  /:/\:\        \  \:\
  /  /:/ /::\  /__/::\        |  |:|    ___  \  \:\   /  /:/~/::\   _____\__\:\
 /__/:/ /:/\:\ \__\/\:\__   __|__|:|   /__/\  \__\:\ /__/:/ /:/\:\ /__/::::::::\
 \  \:\/:/~/:/    \  \:\/\ /__/::::\   \  \:\ /  /:/ \  \:\/:/__\/ \  \:\~~\~~\/
  \  \::/ /:/      \__\::/    ~\~~\:\   \  \:\  /:/   \  \::/       \  \:\  ~~~
   \__\/ /:/       /__/:/       \  \:\   \  \:\/:/     \  \:\        \  \:\
     /__/:/        \__\/         \__\/    \  \::/       \  \:\        \  \:\
     \__\/                                 \__\/         \__\/         \__\/
I 2022/08/16 11:52:09 runtime.go:47: kernel is booting:
    * ver [2.1.5]
    * arch [amd64]
    * runtime mode [prod]
    * working directory [D:\Program Files (x86)\SiYuan\resources]
    * read only [false]
    * container [std]
    * database [ver=20220501]
    * workspace directory [E:\Personal\Notes\siyuan_notes\SiYuan, data 3.6 MB]
I 2022/08/16 11:52:09 serve.go:79: kernel is booting [http://127.0.0.1:6806]
I 2022/08/16 11:52:09 conf.go:527: database size [6.7 MB], block count [2134]
I 2022/08/16 11:52:09 working.go:147: kernel booted
I 2022/08/17 18:31:55 conf.go:370: exited kernel
